<?xml version="1.0" encoding="UTF-8"?>
<!-- Generated by org.testng.reporters.JUnitReportReporter -->
<testsuite hostname="LAPTOP-LABV26J8" failures="0" tests="2" name="utils.P12" time="0.010" errors="0" timestamp="31 Oct 2023 15:14:00 GMT" skipped="0">
  <testcase classname="utils.P12" name="f" time="0.008"/>
  <testcase classname="utils.P12" name="f1" time="0.002"/>
</testsuite> <!-- utils.P12 -->
